::1 - - [30/Sep/2018:19:38:07 +0200] "GET / HTTP/1.1" 200 223
::1 - - [30/Sep/2018:19:38:09 +0200] "GET /phpMyAdmin%204.8.3/ HTTP/1.1" 200 19899
::1 - - [30/Sep/2018:19:39:07 +0200] "-" 408 -
::1 - - [30/Sep/2018:19:39:17 +0200] "GET / HTTP/1.1" 200 223
::1 - - [30/Sep/2018:19:40:17 +0200] "-" 408 -
::1 - - [30/Sep/2018:19:54:12 +0200] "GET /phpMyAdmin%204.8.3/ HTTP/1.1" 304 -
::1 - - [30/Sep/2018:19:54:14 +0200] "GET /phpMyAdmin%204.8.3/ HTTP/1.1" 304 -
::1 - - [30/Sep/2018:19:55:36 +0200] "GET / HTTP/1.1" 200 223
::1 - - [30/Sep/2018:19:56:36 +0200] "-" 408 -
::1 - - [30/Sep/2018:20:04:14 +0200] "GET / HTTP/1.1" 200 223
::1 - - [30/Sep/2018:20:05:14 +0200] "-" 408 -
::1 - - [30/Sep/2018:20:09:47 +0200] "GET /phpMyAdmin%204.8.3/ HTTP/1.1" 200 3503
::1 - - [30/Sep/2018:20:09:50 +0200] "GET /phpMyAdmin%204.8.3/js/whitelist.php?v=4.8.3&lang=fr HTTP/1.1" 200 57
::1 - - [30/Sep/2018:20:09:50 +0200] "GET /phpMyAdmin%204.8.3/js/messages.php?l=fr&v=4.8.3&lang=fr HTTP/1.1" 200 10015
::1 - - [30/Sep/2018:20:09:50 +0200] "GET /phpMyAdmin%204.8.3/phpmyadmin.css.php?nocache=4608220430ltr&server=1 HTTP/1.1" 200 20700
::1 - - [30/Sep/2018:20:10:01 +0200] "POST /phpMyAdmin%204.8.3/index.php HTTP/1.1" 200 3573
::1 - - [30/Sep/2018:20:10:13 +0200] "POST /phpMyAdmin%204.8.3/index.php HTTP/1.1" 200 3574
::1 - - [30/Sep/2018:20:10:22 +0200] "POST /phpMyAdmin%204.8.3/index.php HTTP/1.1" 200 3562
::1 - - [30/Sep/2018:20:11:22 +0200] "-" 408 -
::1 - - [30/Sep/2018:20:19:16 +0200] "GET /phpMyAdmin%204.8.3/index.php HTTP/1.1" 200 3500
::1 - - [30/Sep/2018:20:19:16 +0200] "GET /phpMyAdmin%204.8.3/phpmyadmin.css.php?nocache=4608221827ltr&server=1 HTTP/1.1" 200 20700
::1 - - [30/Sep/2018:20:19:17 +0200] "GET /phpMyAdmin%204.8.3/favicon.ico HTTP/1.1" 200 22486
::1 - - [30/Sep/2018:20:19:20 +0200] "POST /phpMyAdmin%204.8.3/index.php HTTP/1.1" 200 3562
::1 - - [30/Sep/2018:20:19:27 +0200] "POST /phpMyAdmin%204.8.3/index.php HTTP/1.1" 200 3563
::1 - - [30/Sep/2018:20:19:28 +0200] "POST /phpMyAdmin%204.8.3/index.php HTTP/1.1" 200 3560
::1 - - [30/Sep/2018:20:20:13 +0200] "GET / HTTP/1.1" 200 223
::1 - - [30/Sep/2018:20:20:14 +0200] "GET /phpMyAdmin%204.8.3/ HTTP/1.1" 200 3504
::1 - - [30/Sep/2018:20:20:15 +0200] "GET /phpMyAdmin%204.8.3/phpmyadmin.css.php?nocache=4608221916ltr&server=1 HTTP/1.1" 200 20700
::1 - - [30/Sep/2018:20:20:19 +0200] "POST /phpMyAdmin%204.8.3/index.php HTTP/1.1" 200 3565
::1 - - [30/Sep/2018:20:22:55 +0200] "GET /phpMyAdmin%204.8.3/index.php HTTP/1.1" 200 3499
::1 - - [30/Sep/2018:20:22:55 +0200] "GET /phpMyAdmin%204.8.3/phpmyadmin.css.php?nocache=4608221963ltr&server=1 HTTP/1.1" 200 20700
::1 - - [30/Sep/2018:20:22:56 +0200] "GET /phpMyAdmin%204.8.3/favicon.ico HTTP/1.1" 200 22486
::1 - - [30/Sep/2018:20:23:01 +0200] "POST /phpMyAdmin%204.8.3/index.php HTTP/1.1" 200 3573
::1 - - [30/Sep/2018:20:23:06 +0200] "GET /phpMyAdmin%204.8.3/doc/html/index.html HTTP/1.1" 200 14976
::1 - - [30/Sep/2018:20:23:06 +0200] "GET /phpMyAdmin%204.8.3/doc/html/_static/pygments.css HTTP/1.1" 200 4395
::1 - - [30/Sep/2018:20:23:06 +0200] "GET /phpMyAdmin%204.8.3/doc/html/_static/classic.css HTTP/1.1" 200 4146
::1 - - [30/Sep/2018:20:23:06 +0200] "GET /phpMyAdmin%204.8.3/doc/html/_static/underscore.js HTTP/1.1" 200 52919
::1 - - [30/Sep/2018:20:23:06 +0200] "GET /phpMyAdmin%204.8.3/doc/html/_static/basic.css HTTP/1.1" 200 9740
::1 - - [30/Sep/2018:20:23:06 +0200] "GET /phpMyAdmin%204.8.3/doc/html/_static/jquery.js HTTP/1.1" 200 267180
::1 - - [30/Sep/2018:20:23:06 +0200] "GET /phpMyAdmin%204.8.3/doc/html/_static/doctools.js HTTP/1.1" 200 8166
::1 - - [30/Sep/2018:20:23:11 +0200] "GET /phpMyAdmin%204.8.3/doc/html/require.html HTTP/1.1" 200 8462
::1 - - [30/Sep/2018:20:23:14 +0200] "GET /phpMyAdmin%204.8.3/doc/html/faq.html HTTP/1.1" 200 202411
::1 - - [30/Sep/2018:20:24:14 +0200] "-" 408 -
::1 - - [30/Sep/2018:20:26:19 +0200] "GET /phpMyAdmin%204.8.3/doc/html/setup.html HTTP/1.1" 200 122011
::1 - - [30/Sep/2018:20:27:25 +0200] "-" 408 -
::1 - - [30/Sep/2018:20:27:35 +0200] "-" 408 -
::1 - - [30/Sep/2018:20:33:57 +0200] "GET / HTTP/1.1" 200 22
::1 - - [30/Sep/2018:20:34:57 +0200] "-" 408 -
::1 - - [30/Sep/2018:20:35:39 +0200] "GET / HTTP/1.1" 200 284
::1 - - [30/Sep/2018:20:36:29 +0200] "GET / HTTP/1.1" 200 22
::1 - - [30/Sep/2018:20:37:29 +0200] "-" 408 -
::1 - - [30/Sep/2018:20:37:43 +0200] "GET / HTTP/1.1" 200 197
::1 - - [30/Sep/2018:20:37:45 +0200] "GET /k.php HTTP/1.1" 200 22
::1 - - [30/Sep/2018:20:38:43 +0200] "-" 408 -
::1 - - [30/Sep/2018:20:43:17 +0200] "GET /k.php HTTP/1.1" 200 22
::1 - - [30/Sep/2018:20:43:21 +0200] "GET / HTTP/1.1" 200 197
::1 - - [30/Sep/2018:20:43:22 +0200] "GET /k.php HTTP/1.1" 200 22
::1 - - [30/Sep/2018:20:44:17 +0200] "-" 408 -
::1 - - [30/Sep/2018:20:46:53 +0200] "GET / HTTP/1.1" 200 197
::1 - - [30/Sep/2018:20:46:55 +0200] "GET /k.php HTTP/1.1" 200 22
::1 - - [30/Sep/2018:20:47:53 +0200] "-" 408 -
::1 - - [30/Sep/2018:21:20:26 +0200] "GET / HTTP/1.1" 200 259
::1 - - [30/Sep/2018:21:20:28 +0200] "GET /phpMyAdmin%204.8.3/ HTTP/1.1" 200 3512
::1 - - [30/Sep/2018:21:20:28 +0200] "GET /phpMyAdmin%204.8.3/phpmyadmin.css.php?nocache=3069890315ltr&server=1 HTTP/1.1" 200 20700
::1 - - [30/Sep/2018:21:20:33 +0200] "POST /phpMyAdmin%204.8.3/index.php HTTP/1.1" 200 3578
::1 - - [30/Sep/2018:21:20:39 +0200] "GET /phpMyAdmin%204.8.3/ HTTP/1.1" 200 3503
::1 - - [30/Sep/2018:21:20:41 +0200] "GET / HTTP/1.1" 200 259
::1 - - [30/Sep/2018:21:20:42 +0200] "GET /k.php HTTP/1.1" 200 22
::1 - - [30/Sep/2018:21:28:09 +0200] "GET / HTTP/1.1" 200 259
::1 - - [30/Sep/2018:21:28:12 +0200] "GET /phpMyAdmin%204.8.3/ HTTP/1.1" 200 3503
::1 - - [30/Sep/2018:21:29:09 +0200] "-" 408 -
::1 - - [30/Sep/2018:21:31:03 +0200] "POST /phpMyAdmin%204.8.3/index.php HTTP/1.1" 200 3583
::1 - - [30/Sep/2018:21:32:03 +0200] "-" 408 -
::1 - - [30/Sep/2018:21:33:00 +0200] "GET / HTTP/1.1" 200 259
::1 - - [30/Sep/2018:21:33:02 +0200] "GET /k.php HTTP/1.1" 200 22
::1 - - [30/Sep/2018:21:33:12 +0200] "GET /k.php HTTP/1.1" 200 334
::1 - - [30/Sep/2018:21:34:12 +0200] "-" 408 -
::1 - - [30/Sep/2018:21:41:27 +0200] "GET /k.php HTTP/1.1" 200 334
::1 - - [30/Sep/2018:21:42:10 +0200] "GET /k.php HTTP/1.1" 200 22
::1 - - [30/Sep/2018:21:42:14 +0200] "GET / HTTP/1.1" 200 259
::1 - - [30/Sep/2018:21:42:16 +0200] "GET /phpMyAdmin%204.8.3/ HTTP/1.1" 200 3504
::1 - - [30/Sep/2018:21:42:16 +0200] "GET /phpMyAdmin%204.8.3/phpmyadmin.css.php?nocache=4604835324ltr&server=1 HTTP/1.1" 200 20700
::1 - - [30/Sep/2018:21:42:22 +0200] "POST /phpMyAdmin%204.8.3/index.php HTTP/1.1" 200 3578
::1 - - [30/Sep/2018:21:43:22 +0200] "-" 408 -
::1 - - [30/Sep/2018:21:52:43 +0200] "GET /phpMyAdmin%204.8.3/index.php HTTP/1.1" 200 3500
::1 - - [30/Sep/2018:21:52:43 +0200] "GET /phpMyAdmin%204.8.3/phpmyadmin.css.php?nocache=4608227467ltr&server=1 HTTP/1.1" 200 20700
::1 - - [30/Sep/2018:21:52:44 +0200] "GET /phpMyAdmin%204.8.3/favicon.ico HTTP/1.1" 200 22486
::1 - - [30/Sep/2018:21:52:49 +0200] "POST /phpMyAdmin%204.8.3/index.php HTTP/1.1" 200 3569
::1 - - [30/Sep/2018:21:53:43 +0200] "-" 408 -
::1 - - [30/Sep/2018:21:58:52 +0200] "GET /phpMyAdmin%204.8.3/index.php HTTP/1.1" 200 3492
::1 - - [30/Sep/2018:21:58:52 +0200] "GET /phpMyAdmin%204.8.3/phpmyadmin.css.php?nocache=4608227798ltr&server=1 HTTP/1.1" 200 20700
::1 - - [30/Sep/2018:21:58:52 +0200] "GET /phpMyAdmin%204.8.3/favicon.ico HTTP/1.1" 200 22486
::1 - - [30/Sep/2018:21:58:57 +0200] "POST /phpMyAdmin%204.8.3/index.php HTTP/1.1" 200 3565
::1 - - [30/Sep/2018:21:59:57 +0200] "-" 408 -
::1 - - [30/Sep/2018:22:12:09 +0200] "GET /phpMyAdmin%204.8.3/index.php HTTP/1.1" 200 3495
::1 - - [30/Sep/2018:22:12:09 +0200] "GET /phpMyAdmin%204.8.3/phpmyadmin.css.php?nocache=4608228612ltr&server=1 HTTP/1.1" 200 20700
::1 - - [30/Sep/2018:22:12:10 +0200] "GET /phpMyAdmin%204.8.3/favicon.ico HTTP/1.1" 200 22486
::1 - - [30/Sep/2018:22:12:15 +0200] "POST /phpMyAdmin%204.8.3/index.php HTTP/1.1" 200 3569
::1 - - [30/Sep/2018:22:13:32 +0200] "GET /phpMyAdmin%204.8.3/index.php HTTP/1.1" 401 1708
::1 - - [30/Sep/2018:22:13:35 +0200] "GET /phpMyAdmin%204.8.3/phpmyadmin.css.php?nocache=4608228714ltr&server=1 HTTP/1.1" 200 20700
::1 - - [30/Sep/2018:22:13:35 +0200] "GET /phpMyAdmin%204.8.3/favicon.ico HTTP/1.1" 200 22486
::1 - - [30/Sep/2018:22:13:37 +0200] "GET /phpMyAdmin%204.8.3/index.php HTTP/1.1" 401 1710
::1 - root [30/Sep/2018:22:13:43 +0200] "GET /phpMyAdmin%204.8.3/index.php HTTP/1.1" 200 14595
::1 - - [30/Sep/2018:22:13:44 +0200] "GET /phpMyAdmin%204.8.3/themes/pmahomme/img/logo_left.png HTTP/1.1" 200 2713
::1 - root [30/Sep/2018:22:13:44 +0200] "GET /phpMyAdmin%204.8.3/phpmyadmin.css.php?nocache=6146567137ltr&server=1 HTTP/1.1" 200 20700
::1 - - [30/Sep/2018:22:13:45 +0200] "GET /phpMyAdmin%204.8.3/themes/pmahomme/img/left_nav_bg.png HTTP/1.1" 200 146
::1 - - [30/Sep/2018:22:13:45 +0200] "GET /phpMyAdmin%204.8.3/themes/pmahomme/img/s_db.png HTTP/1.1" 200 328
::1 - - [30/Sep/2018:22:13:45 +0200] "GET /phpMyAdmin%204.8.3/themes/pmahomme/img/b_plus.png HTTP/1.1" 200 143
::1 - - [30/Sep/2018:22:13:45 +0200] "GET /phpMyAdmin%204.8.3/themes/pmahomme/img/b_newdb.png HTTP/1.1" 200 585
::1 - - [30/Sep/2018:22:13:45 +0200] "GET /phpMyAdmin%204.8.3/themes/pmahomme/img/s_link.png HTTP/1.1" 200 280
::1 - - [30/Sep/2018:22:13:45 +0200] "GET /phpMyAdmin%204.8.3/themes/pmahomme/img/ajax_clock_small.gif HTTP/1.1" 200 1810
::1 - - [30/Sep/2018:22:13:45 +0200] "GET /phpMyAdmin%204.8.3/themes/pmahomme/img/s_reload.png HTTP/1.1" 200 527
::1 - - [30/Sep/2018:22:13:45 +0200] "GET /phpMyAdmin%204.8.3/themes/pmahomme/img/s_cog.png HTTP/1.1" 200 442
::1 - - [30/Sep/2018:22:13:45 +0200] "GET /phpMyAdmin%204.8.3/themes/pmahomme/img/b_sqlhelp.png HTTP/1.1" 200 512
::1 - - [30/Sep/2018:22:13:45 +0200] "GET /phpMyAdmin%204.8.3/themes/pmahomme/img/b_docs.png HTTP/1.1" 200 705
::1 - - [30/Sep/2018:22:13:45 +0200] "GET /phpMyAdmin%204.8.3/themes/pmahomme/img/b_home.png HTTP/1.1" 200 734
::1 - - [30/Sep/2018:22:13:45 +0200] "GET /phpMyAdmin%204.8.3/themes/pmahomme/img/s_loggoff.png HTTP/1.1" 200 626
::1 - - [30/Sep/2018:22:13:45 +0200] "GET /phpMyAdmin%204.8.3/themes/pmahomme/img/window-new.png HTTP/1.1" 200 468
::1 - - [30/Sep/2018:22:13:45 +0200] "GET /phpMyAdmin%204.8.3/themes/pmahomme/img/s_notice.png HTTP/1.1" 200 567
::1 - - [30/Sep/2018:22:13:45 +0200] "GET /phpMyAdmin%204.8.3/themes/pmahomme/img/b_tblops.png HTTP/1.1" 200 537
::1 - - [30/Sep/2018:22:13:45 +0200] "GET /phpMyAdmin%204.8.3/themes/pmahomme/img/s_theme.png HTTP/1.1" 200 772
::1 - - [30/Sep/2018:22:13:45 +0200] "GET /phpMyAdmin%204.8.3/themes/pmahomme/img/s_lang.png HTTP/1.1" 200 659
::1 - - [30/Sep/2018:22:13:45 +0200] "GET /phpMyAdmin%204.8.3/themes/pmahomme/img/s_asci.png HTTP/1.1" 200 148
::1 - - [30/Sep/2018:22:13:45 +0200] "GET /phpMyAdmin%204.8.3/themes/pmahomme/img/s_passwd.png HTTP/1.1" 200 331
::1 - - [30/Sep/2018:22:13:45 +0200] "GET /phpMyAdmin%204.8.3/themes/pmahomme/img/console.png HTTP/1.1" 200 292
::1 - - [30/Sep/2018:22:13:45 +0200] "GET /phpMyAdmin%204.8.3/themes/pmahomme/img/s_top.png HTTP/1.1" 200 220
::1 - - [30/Sep/2018:22:13:45 +0200] "GET /phpMyAdmin%204.8.3/themes/pmahomme/img/b_plugin.png HTTP/1.1" 200 512
::1 - - [30/Sep/2018:22:13:45 +0200] "GET /phpMyAdmin%204.8.3/themes/pmahomme/img/b_engine.png HTTP/1.1" 200 398
::1 - - [30/Sep/2018:22:13:45 +0200] "GET /phpMyAdmin%204.8.3/themes/pmahomme/img/s_vars.png HTTP/1.1" 200 523
::1 - - [30/Sep/2018:22:13:45 +0200] "GET /phpMyAdmin%204.8.3/themes/pmahomme/img/s_replication.png HTTP/1.1" 200 399
::1 - - [30/Sep/2018:22:13:45 +0200] "GET /phpMyAdmin%204.8.3/themes/pmahomme/img/s_tbl.png HTTP/1.1" 200 645
::1 - - [30/Sep/2018:22:13:45 +0200] "GET /phpMyAdmin%204.8.3/themes/pmahomme/img/b_import.png HTTP/1.1" 200 556
::1 - - [30/Sep/2018:22:13:45 +0200] "GET /phpMyAdmin%204.8.3/themes/pmahomme/img/b_export.png HTTP/1.1" 200 514
::1 - - [30/Sep/2018:22:13:45 +0200] "GET /phpMyAdmin%204.8.3/themes/pmahomme/img/s_rights.png HTTP/1.1" 200 461
::1 - - [30/Sep/2018:22:13:45 +0200] "GET /phpMyAdmin%204.8.3/themes/pmahomme/img/s_status.png HTTP/1.1" 200 600
::1 - - [30/Sep/2018:22:13:45 +0200] "GET /phpMyAdmin%204.8.3/themes/pmahomme/img/b_sql.png HTTP/1.1" 200 680
::1 - - [30/Sep/2018:22:13:45 +0200] "GET /phpMyAdmin%204.8.3/themes/pmahomme/img/s_host.png HTTP/1.1" 200 591
::1 - root [30/Sep/2018:22:13:45 +0200] "POST /phpMyAdmin%204.8.3/ajax.php HTTP/1.1" 200 140
::1 - - [30/Sep/2018:22:13:45 +0200] "GET /phpMyAdmin%204.8.3/themes/pmahomme/img/b_more.png HTTP/1.1" 200 111
::1 - root [30/Sep/2018:22:13:45 +0200] "POST /phpMyAdmin%204.8.3/navigation.php?ajax_request=1&lang=fr HTTP/1.1" 200 151
::1 - root [30/Sep/2018:22:13:45 +0200] "POST /phpMyAdmin%204.8.3/ajax.php HTTP/1.1" 200 140
::1 - root [30/Sep/2018:22:13:45 +0200] "POST /phpMyAdmin%204.8.3/ajax.php HTTP/1.1" 200 140
::1 - root [30/Sep/2018:22:13:45 +0200] "POST /phpMyAdmin%204.8.3/version_check.php HTTP/1.1" 200 28
::1 - - [30/Sep/2018:22:13:51 +0200] "GET / HTTP/1.1" 200 259
::1 - root [30/Sep/2018:22:13:52 +0200] "GET /phpMyAdmin%204.8.3/ HTTP/1.1" 200 14609
::1 - root [30/Sep/2018:22:13:53 +0200] "GET /phpMyAdmin%204.8.3/phpmyadmin.css.php?nocache=6146567147ltr&server=1 HTTP/1.1" 200 20700
::1 - root [30/Sep/2018:22:13:53 +0200] "POST /phpMyAdmin%204.8.3/ajax.php HTTP/1.1" 200 140
::1 - root [30/Sep/2018:22:13:53 +0200] "POST /phpMyAdmin%204.8.3/navigation.php?ajax_request=1&lang=fr HTTP/1.1" 200 151
::1 - root [30/Sep/2018:22:13:53 +0200] "POST /phpMyAdmin%204.8.3/ajax.php HTTP/1.1" 200 140
::1 - root [30/Sep/2018:22:13:54 +0200] "POST /phpMyAdmin%204.8.3/ajax.php HTTP/1.1" 200 140
::1 - root [30/Sep/2018:22:13:54 +0200] "POST /phpMyAdmin%204.8.3/version_check.php HTTP/1.1" 200 28
::1 - root [30/Sep/2018:22:14:29 +0200] "GET /phpMyAdmin%204.8.3/ HTTP/1.1" 200 3503
::1 - root [30/Sep/2018:22:14:30 +0200] "GET /phpMyAdmin%204.8.3/phpmyadmin.css.php?nocache=4608228780ltr&server=1 HTTP/1.1" 200 20700
::1 - - [30/Sep/2018:22:14:30 +0200] "GET /phpMyAdmin%204.8.3/favicon.ico HTTP/1.1" 200 22486
::1 - root [30/Sep/2018:22:14:35 +0200] "POST /phpMyAdmin%204.8.3/index.php HTTP/1.1" 200 3566
::1 - root [30/Sep/2018:22:18:18 +0200] "GET /phpMyAdmin%204.8.3/index.php HTTP/1.1" 200 14555
::1 - root [30/Sep/2018:22:18:19 +0200] "GET /phpMyAdmin%204.8.3/phpmyadmin.css.php?nocache=6146567703ltr&server=1 HTTP/1.1" 200 20700
::1 - root [30/Sep/2018:22:18:19 +0200] "POST /phpMyAdmin%204.8.3/navigation.php?ajax_request=1&lang=fr HTTP/1.1" 200 71
::1 - root [30/Sep/2018:22:18:19 +0200] "POST /phpMyAdmin%204.8.3/ajax.php HTTP/1.1" 200 2133
::1 - root [30/Sep/2018:22:18:19 +0200] "POST /phpMyAdmin%204.8.3/ajax.php HTTP/1.1" 200 2134
::1 - - [30/Sep/2018:22:18:19 +0200] "GET /phpMyAdmin%204.8.3/favicon.ico HTTP/1.1" 200 22486
::1 - root [30/Sep/2018:22:18:19 +0200] "POST /phpMyAdmin%204.8.3/version_check.php HTTP/1.1" 200 2134
::1 - root [30/Sep/2018:22:18:42 +0200] "GET /phpMyAdmin%204.8.3/index.php HTTP/1.1" 200 14571
::1 - root [30/Sep/2018:22:18:42 +0200] "GET /phpMyAdmin%204.8.3/phpmyadmin.css.php?nocache=6146567727ltr&server=1 HTTP/1.1" 200 20700
::1 - root [30/Sep/2018:22:18:42 +0200] "POST /phpMyAdmin%204.8.3/navigation.php?ajax_request=1&lang=fr HTTP/1.1" 200 71
::1 - root [30/Sep/2018:22:18:42 +0200] "POST /phpMyAdmin%204.8.3/ajax.php HTTP/1.1" 200 2132
::1 - - [30/Sep/2018:22:18:43 +0200] "GET /phpMyAdmin%204.8.3/favicon.ico HTTP/1.1" 200 22486
::1 - root [30/Sep/2018:22:18:43 +0200] "POST /phpMyAdmin%204.8.3/ajax.php HTTP/1.1" 200 2134
::1 - root [30/Sep/2018:22:18:43 +0200] "POST /phpMyAdmin%204.8.3/version_check.php HTTP/1.1" 200 2133
::1 - root [30/Sep/2018:22:18:50 +0200] "GET /phpMyAdmin%204.8.3/index.php HTTP/1.1" 200 3505
::1 - root [30/Sep/2018:22:18:50 +0200] "GET /phpMyAdmin%204.8.3/phpmyadmin.css.php?nocache=4608229043ltr&server=1 HTTP/1.1" 200 20700
::1 - - [30/Sep/2018:22:18:50 +0200] "GET /phpMyAdmin%204.8.3/favicon.ico HTTP/1.1" 200 22486
::1 - root [30/Sep/2018:22:18:55 +0200] "POST /phpMyAdmin%204.8.3/index.php HTTP/1.1" 200 3558
::1 - root [30/Sep/2018:22:19:10 +0200] "GET /phpMyAdmin%204.8.3/index.php HTTP/1.1" 200 14619
::1 - root [30/Sep/2018:22:19:10 +0200] "GET /phpMyAdmin%204.8.3/phpmyadmin.css.php?nocache=6146567811ltr&server=1 HTTP/1.1" 200 20700
::1 - root [30/Sep/2018:22:19:10 +0200] "POST /phpMyAdmin%204.8.3/navigation.php?ajax_request=1&lang=fr HTTP/1.1" 200 151
::1 - root [30/Sep/2018:22:19:10 +0200] "POST /phpMyAdmin%204.8.3/ajax.php HTTP/1.1" 200 140
::1 - - [30/Sep/2018:22:19:10 +0200] "GET /phpMyAdmin%204.8.3/favicon.ico HTTP/1.1" 200 22486
::1 - root [30/Sep/2018:22:19:10 +0200] "POST /phpMyAdmin%204.8.3/ajax.php HTTP/1.1" 200 140
::1 - root [30/Sep/2018:22:19:10 +0200] "POST /phpMyAdmin%204.8.3/version_check.php HTTP/1.1" 200 28
::1 - root [30/Sep/2018:22:19:30 +0200] "GET /phpMyAdmin%204.8.3/index.php HTTP/1.1" 200 14601
::1 - root [30/Sep/2018:22:19:30 +0200] "GET /phpMyAdmin%204.8.3/phpmyadmin.css.php?nocache=6146567831ltr&server=1 HTTP/1.1" 200 20700
::1 - root [30/Sep/2018:22:19:30 +0200] "POST /phpMyAdmin%204.8.3/navigation.php?ajax_request=1&lang=fr HTTP/1.1" 200 151
::1 - root [30/Sep/2018:22:19:30 +0200] "POST /phpMyAdmin%204.8.3/ajax.php HTTP/1.1" 200 140
::1 - - [30/Sep/2018:22:19:31 +0200] "GET /phpMyAdmin%204.8.3/favicon.ico HTTP/1.1" 200 22486
::1 - root [30/Sep/2018:22:19:31 +0200] "POST /phpMyAdmin%204.8.3/ajax.php HTTP/1.1" 200 140
::1 - root [30/Sep/2018:22:19:31 +0200] "POST /phpMyAdmin%204.8.3/version_check.php HTTP/1.1" 200 28
::1 - - [30/Sep/2018:22:20:41 +0200] "GET / HTTP/1.1" 200 259
::1 - root [30/Sep/2018:22:20:43 +0200] "GET /phpMyAdmin%204.8.3/ HTTP/1.1" 200 14627
::1 - root [30/Sep/2018:22:20:44 +0200] "GET /phpMyAdmin%204.8.3/phpmyadmin.css.php?nocache=6146567904ltr&server=1 HTTP/1.1" 200 20700
::1 - root [30/Sep/2018:22:20:44 +0200] "POST /phpMyAdmin%204.8.3/ajax.php HTTP/1.1" 200 140
::1 - root [30/Sep/2018:22:20:44 +0200] "POST /phpMyAdmin%204.8.3/navigation.php?ajax_request=1&lang=fr HTTP/1.1" 200 151
::1 - root [30/Sep/2018:22:20:44 +0200] "POST /phpMyAdmin%204.8.3/ajax.php HTTP/1.1" 200 140
::1 - root [30/Sep/2018:22:20:44 +0200] "POST /phpMyAdmin%204.8.3/version_check.php HTTP/1.1" 200 28
::1 - root [30/Sep/2018:22:20:44 +0200] "POST /phpMyAdmin%204.8.3/ajax.php HTTP/1.1" 200 140
::1 - root [30/Sep/2018:22:22:19 +0200] "GET /phpMyAdmin%204.8.3/ HTTP/1.1" 200 14591
::1 - root [30/Sep/2018:22:22:19 +0200] "GET /phpMyAdmin%204.8.3/phpmyadmin.css.php?nocache=6146568165ltr&server=1 HTTP/1.1" 200 20700
::1 - root [30/Sep/2018:22:22:19 +0200] "POST /phpMyAdmin%204.8.3/ajax.php HTTP/1.1" 200 140
::1 - root [30/Sep/2018:22:22:20 +0200] "POST /phpMyAdmin%204.8.3/navigation.php?ajax_request=1&lang=fr HTTP/1.1" 200 151
::1 - root [30/Sep/2018:22:22:20 +0200] "POST /phpMyAdmin%204.8.3/ajax.php HTTP/1.1" 200 140
::1 - - [30/Sep/2018:22:22:20 +0200] "GET /phpMyAdmin%204.8.3/favicon.ico HTTP/1.1" 200 22486
::1 - root [30/Sep/2018:22:22:20 +0200] "POST /phpMyAdmin%204.8.3/ajax.php HTTP/1.1" 200 140
::1 - root [30/Sep/2018:22:22:20 +0200] "POST /phpMyAdmin%204.8.3/version_check.php HTTP/1.1" 200 28
::1 - root [30/Sep/2018:22:22:27 +0200] "POST /phpMyAdmin%204.8.3/ajax.php HTTP/1.1" 200 140
::1 - root [30/Sep/2018:22:22:32 +0200] "POST /phpMyAdmin%204.8.3/ajax.php HTTP/1.1" 200 140
::1 - root [30/Sep/2018:22:22:42 +0200] "GET /phpMyAdmin%204.8.3/chk_rel.php?lang=fr&ajax_request=true&ajax_page_request=true&_nocache=1538338962302264722&token=E_%2FCraX%25kYGr%7Bjv1 HTTP/1.1" 200 1745
::1 - root [30/Sep/2018:22:22:49 +0200] "GET /phpMyAdmin%204.8.3/chk_rel.php?db=&lang=fr&goto=db_operations.php&create_pmadb=1&ajax_request=true&ajax_page_request=true&_nocache=1538338969070110358&token=%25IE)!3%7BR%60%27zl%5B2bK HTTP/1.1" 200 2120
::1 - root [30/Sep/2018:22:22:57 +0200] "GET /phpMyAdmin%204.8.3/chk_rel.php?db=&lang=fr&goto=db_operations.php&create_pmadb=1&ajax_request=true&ajax_page_request=true&_nocache=1538338977137472018&token=%25IE)!3%7BR%60%27zl%5B2bK HTTP/1.1" 200 2127
::1 - root [30/Sep/2018:22:22:57 +0200] "POST /phpMyAdmin%204.8.3/navigation.php?ajax_request=1&lang=fr HTTP/1.1" 200 151
::1 - - [30/Sep/2018:22:23:06 +0200] "GET /phpMyAdmin%204.8.3/themes/pmahomme/img/s_unlink.png HTTP/1.1" 200 589
::1 - root [30/Sep/2018:22:23:07 +0200] "POST /phpMyAdmin%204.8.3/ajax.php HTTP/1.1" 200 140
::1 - root [30/Sep/2018:22:23:09 +0200] "POST /phpMyAdmin%204.8.3/ajax.php HTTP/1.1" 200 140
::1 - root [30/Sep/2018:22:23:10 +0200] "GET /phpMyAdmin%204.8.3/index.php?lang=fr&ajax_request=true&ajax_page_request=true&_nocache=1538338990199237078&token=fj4g%24%24%7D079-i%2Fp)b HTTP/1.1" 200 8056
::1 - root [30/Sep/2018:22:23:10 +0200] "POST /phpMyAdmin%204.8.3/navigation.php?ajax_request=1&lang=fr HTTP/1.1" 200 151
::1 - root [30/Sep/2018:22:23:10 +0200] "POST /phpMyAdmin%204.8.3/db_structure.php?ajax_request=1&favorite_table=1&sync_favorite_tables=1&lang=fr HTTP/1.1" 200 151
::1 - root [30/Sep/2018:22:23:10 +0200] "POST /phpMyAdmin%204.8.3/version_check.php HTTP/1.1" 200 28
::1 - root [30/Sep/2018:22:23:14 +0200] "GET /phpMyAdmin%204.8.3/db_structure.php?server=1&db=ticbac2014&ajax_request=true&ajax_page_request=true&_nocache=1538338994881749116&token=aiEKaxE*%40%5B.7Ie%23n HTTP/1.1" 200 5335
::1 - - [30/Sep/2018:22:23:15 +0200] "GET /phpMyAdmin%204.8.3/themes/pmahomme/img/centralColumns.png HTTP/1.1" 200 586
::1 - - [30/Sep/2018:22:23:15 +0200] "GET /phpMyAdmin%204.8.3/themes/pmahomme/img/b_relations.png HTTP/1.1" 200 140
::1 - - [30/Sep/2018:22:23:15 +0200] "GET /phpMyAdmin%204.8.3/themes/pmahomme/img/eye.png HTTP/1.1" 200 663
::1 - - [30/Sep/2018:22:23:15 +0200] "GET /phpMyAdmin%204.8.3/themes/pmahomme/img/b_triggers.png HTTP/1.1" 200 446
::1 - - [30/Sep/2018:22:23:15 +0200] "GET /phpMyAdmin%204.8.3/themes/pmahomme/img/b_events.png HTTP/1.1" 200 703
::1 - - [30/Sep/2018:22:23:15 +0200] "GET /phpMyAdmin%204.8.3/themes/pmahomme/img/b_routines.png HTTP/1.1" 200 306
::1 - - [30/Sep/2018:22:23:15 +0200] "GET /phpMyAdmin%204.8.3/themes/pmahomme/img/b_props.png HTTP/1.1" 200 573
::1 - - [30/Sep/2018:22:23:15 +0200] "GET /phpMyAdmin%204.8.3/themes/pmahomme/img/b_search.png HTTP/1.1" 200 538
::1 - - [30/Sep/2018:22:23:15 +0200] "GET /phpMyAdmin%204.8.3/themes/pmahomme/img/b_table_add.png HTTP/1.1" 200 571
::1 - - [30/Sep/2018:22:23:15 +0200] "GET /phpMyAdmin%204.8.3/themes/pmahomme/img/b_tblanalyse.png HTTP/1.1" 200 152
::1 - - [30/Sep/2018:22:23:15 +0200] "GET /phpMyAdmin%204.8.3/themes/pmahomme/img/b_print.png HTTP/1.1" 200 639
::1 - - [30/Sep/2018:22:23:15 +0200] "GET /phpMyAdmin%204.8.3/themes/pmahomme/img/b_drop.png HTTP/1.1" 200 637
::1 - - [30/Sep/2018:22:23:15 +0200] "GET /phpMyAdmin%204.8.3/themes/pmahomme/img/b_empty.png HTTP/1.1" 200 521
::1 - - [30/Sep/2018:22:23:15 +0200] "GET /phpMyAdmin%204.8.3/themes/pmahomme/img/b_insrow.png HTTP/1.1" 200 157
::1 - - [30/Sep/2018:22:23:15 +0200] "GET /phpMyAdmin%204.8.3/themes/pmahomme/img/b_select.png HTTP/1.1" 200 593
::1 - - [30/Sep/2018:22:23:15 +0200] "GET /phpMyAdmin%204.8.3/themes/pmahomme/img/b_browse.png HTTP/1.1" 200 486
::1 - - [30/Sep/2018:22:23:15 +0200] "GET /phpMyAdmin%204.8.3/themes/pmahomme/img/b_no_favorite.png HTTP/1.1" 200 377
::1 - - [30/Sep/2018:22:23:15 +0200] "GET /phpMyAdmin%204.8.3/themes/pmahomme/img/s_desc.png HTTP/1.1" 200 146
::1 - - [30/Sep/2018:22:23:15 +0200] "GET /phpMyAdmin%204.8.3/themes/pmahomme/img/s_asc.png HTTP/1.1" 200 146
::1 - - [30/Sep/2018:22:23:15 +0200] "GET /phpMyAdmin%204.8.3/js/db_structure.js?v=4.8.3 HTTP/1.1" 200 15803
::1 - - [30/Sep/2018:22:23:16 +0200] "GET /phpMyAdmin%204.8.3/js/tbl_change.js?v=4.8.3 HTTP/1.1" 200 29050
::1 - - [30/Sep/2018:22:23:16 +0200] "GET /phpMyAdmin%204.8.3/themes/pmahomme/img/arrow_ltr.png HTTP/1.1" 200 101
::1 - root [30/Sep/2018:22:23:15 +0200] "POST /phpMyAdmin%204.8.3/navigation.php?ajax_request=1&lang=fr HTTP/1.1" 200 151
::1 - root [30/Sep/2018:22:23:15 +0200] "GET /phpMyAdmin%204.8.3/navigation.php?ajax_request=1&lang=fr&aPath=cm9vdA%3D%3D.dGljYmFjMjAxNA%3D%3D&vPath=cm9vdA%3D%3D.dGljYmFjMjAxNA%3D%3D&pos=0&pos2_name=&pos2_value=&searchClause=&searchClause2=&_nocache=1538338995931861382&token=%5D(a%2B%7DO%3CIn%7CbKvk8e HTTP/1.1" 200 1978
::1 - - [30/Sep/2018:22:23:16 +0200] "GET /phpMyAdmin%204.8.3/themes/pmahomme/img/b_minus.png HTTP/1.1" 200 123
::1 - - [30/Sep/2018:22:23:16 +0200] "GET /phpMyAdmin%204.8.3/themes/pmahomme/img/hide.png HTTP/1.1" 200 284
::1 - - [30/Sep/2018:22:24:15 +0200] "-" 408 -
::1 - - [30/Sep/2018:22:25:09 +0200] "GET / HTTP/1.1" 200 259
::1 - root [30/Sep/2018:22:25:10 +0200] "GET /phpMyAdmin%204.8.3/ HTTP/1.1" 200 14760
::1 - root [30/Sep/2018:22:25:11 +0200] "GET /phpMyAdmin%204.8.3/phpmyadmin.css.php?nocache=6146568527ltr&server=1 HTTP/1.1" 200 20700
::1 - root [30/Sep/2018:22:25:11 +0200] "POST /phpMyAdmin%204.8.3/ajax.php HTTP/1.1" 200 140
::1 - root [30/Sep/2018:22:25:11 +0200] "POST /phpMyAdmin%204.8.3/ajax.php HTTP/1.1" 200 140
::1 - root [30/Sep/2018:22:25:11 +0200] "POST /phpMyAdmin%204.8.3/ajax.php HTTP/1.1" 200 140
::1 - root [30/Sep/2018:22:25:11 +0200] "POST /phpMyAdmin%204.8.3/db_structure.php?ajax_request=1&favorite_table=1&sync_favorite_tables=1&lang=fr HTTP/1.1" 200 151
::1 - root [30/Sep/2018:22:25:11 +0200] "POST /phpMyAdmin%204.8.3/version_check.php HTTP/1.1" 200 28
::1 - - [30/Sep/2018:22:27:50 +0200] "GET / HTTP/1.1" 200 259
::1 - root [30/Sep/2018:22:27:52 +0200] "GET /phpMyAdmin%204.8.3/ HTTP/1.1" 200 14749
::1 - root [30/Sep/2018:22:27:53 +0200] "GET /phpMyAdmin%204.8.3/phpmyadmin.css.php?nocache=6146568764ltr&server=1 HTTP/1.1" 200 20700
::1 - root [30/Sep/2018:22:27:53 +0200] "POST /phpMyAdmin%204.8.3/ajax.php HTTP/1.1" 200 140
::1 - root [30/Sep/2018:22:27:54 +0200] "POST /phpMyAdmin%204.8.3/navigation.php?ajax_request=1&lang=fr HTTP/1.1" 200 151
::1 - root [30/Sep/2018:22:27:54 +0200] "POST /phpMyAdmin%204.8.3/ajax.php HTTP/1.1" 200 140
::1 - root [30/Sep/2018:22:27:54 +0200] "POST /phpMyAdmin%204.8.3/ajax.php HTTP/1.1" 200 140
::1 - root [30/Sep/2018:22:27:54 +0200] "POST /phpMyAdmin%204.8.3/version_check.php HTTP/1.1" 200 28
::1 - root [30/Sep/2018:22:27:54 +0200] "POST /phpMyAdmin%204.8.3/db_structure.php?ajax_request=1&favorite_table=1&sync_favorite_tables=1&lang=fr HTTP/1.1" 200 151
::1 - - [30/Sep/2018:22:30:59 +0200] "GET / HTTP/1.1" 200 259
::1 - root [30/Sep/2018:22:31:01 +0200] "GET /phpMyAdmin%204.8.3/ HTTP/1.1" 200 3507
::1 - root [30/Sep/2018:22:31:12 +0200] "POST /phpMyAdmin%204.8.3/index.php HTTP/1.1" 200 3586
::1 - root [30/Sep/2018:22:31:34 +0200] "GET /phpMyAdmin%204.8.3/index.php HTTP/1.1" 200 14753
::1 - root [30/Sep/2018:22:31:35 +0200] "GET /phpMyAdmin%204.8.3/phpmyadmin.css.php?nocache=6146569296ltr&server=1 HTTP/1.1" 200 20700
::1 - root [30/Sep/2018:22:31:36 +0200] "POST /phpMyAdmin%204.8.3/ajax.php HTTP/1.1" 200 140
::1 - root [30/Sep/2018:22:31:36 +0200] "POST /phpMyAdmin%204.8.3/navigation.php?ajax_request=1&lang=fr HTTP/1.1" 200 151
::1 - root [30/Sep/2018:22:31:36 +0200] "POST /phpMyAdmin%204.8.3/ajax.php HTTP/1.1" 200 140
::1 - root [30/Sep/2018:22:31:36 +0200] "POST /phpMyAdmin%204.8.3/ajax.php HTTP/1.1" 200 140
::1 - root [30/Sep/2018:22:31:36 +0200] "POST /phpMyAdmin%204.8.3/version_check.php HTTP/1.1" 200 28
::1 - - [30/Sep/2018:22:31:36 +0200] "GET /phpMyAdmin%204.8.3/favicon.ico HTTP/1.1" 200 22486
::1 - root [30/Sep/2018:22:31:36 +0200] "POST /phpMyAdmin%204.8.3/db_structure.php?ajax_request=1&favorite_table=1&sync_favorite_tables=1&lang=fr HTTP/1.1" 200 151
::1 - root [30/Sep/2018:22:31:43 +0200] "POST /phpMyAdmin%204.8.3/index.php HTTP/1.1" 200 14743
::1 - root [30/Sep/2018:22:31:44 +0200] "GET /phpMyAdmin%204.8.3/phpmyadmin.css.php?nocache=6146569304ltr&server=1 HTTP/1.1" 200 20700
::1 - root [30/Sep/2018:22:31:44 +0200] "POST /phpMyAdmin%204.8.3/ajax.php HTTP/1.1" 200 140
::1 - root [30/Sep/2018:22:31:44 +0200] "POST /phpMyAdmin%204.8.3/navigation.php?ajax_request=1&lang=fr HTTP/1.1" 200 151
::1 - root [30/Sep/2018:22:31:44 +0200] "POST /phpMyAdmin%204.8.3/ajax.php HTTP/1.1" 200 140
::1 - root [30/Sep/2018:22:31:44 +0200] "POST /phpMyAdmin%204.8.3/ajax.php HTTP/1.1" 200 140
::1 - root [30/Sep/2018:22:31:44 +0200] "POST /phpMyAdmin%204.8.3/db_structure.php?ajax_request=1&favorite_table=1&sync_favorite_tables=1&lang=fr HTTP/1.1" 200 151
::1 - root [30/Sep/2018:22:31:44 +0200] "POST /phpMyAdmin%204.8.3/version_check.php HTTP/1.1" 200 28
::1 - root [30/Sep/2018:22:31:54 +0200] "GET /phpMyAdmin%204.8.3/navigation.php?ajax_request=1&lang=fr&aPath=cm9vdA%3D%3D.bXlkYg%3D%3D&vPath=cm9vdA%3D%3D.bXlkYg%3D%3D&pos=0&pos2_name=&pos2_value=&searchClause=&searchClause2=&_nocache=1538339514603485585&token=z83nbC%7CgK5_P%3BE1%3A HTTP/1.1" 200 2004
::1 - root [30/Sep/2018:22:31:58 +0200] "GET /phpMyAdmin%204.8.3/navigation.php?ajax_request=1&lang=fr&aPath=cm9vdA%3D%3D.c3lz&vPath=cm9vdA%3D%3D.c3lz&pos=0&pos2_name=&pos2_value=&searchClause=&searchClause2=&_nocache=1538339518908289168&token=z83nbC%7CgK5_P%3BE1%3A HTTP/1.1" 200 2713
::1 - - [30/Sep/2018:22:31:59 +0200] "GET /phpMyAdmin%204.8.3/themes/pmahomme/img/b_views.png HTTP/1.1" 200 603
::1 - root [30/Sep/2018:22:32:04 +0200] "GET /phpMyAdmin%204.8.3/navigation.php?ajax_request=1&lang=fr&aPath=cm9vdA%3D%3D.dGljYmFjMjAxNA%3D%3D&vPath=cm9vdA%3D%3D.dGljYmFjMjAxNA%3D%3D&pos=0&pos2_name=&pos2_value=&searchClause=&searchClause2=&_nocache=1538339524770755294&token=z83nbC%7CgK5_P%3BE1%3A HTTP/1.1" 200 1975
::1 - root [30/Sep/2018:22:32:06 +0200] "GET /phpMyAdmin%204.8.3/sql.php?server=1&db=ticbac2014&table=consultations&pos=0&ajax_request=true&ajax_page_request=true&_nocache=1538339526636203671&token=z83nbC%7CgK5_P%3BE1%3A HTTP/1.1" 200 7881
::1 - - [30/Sep/2018:22:32:07 +0200] "GET /phpMyAdmin%204.8.3/themes/pmahomme/img/b_tblimport.png HTTP/1.1" 200 556
::1 - - [30/Sep/2018:22:32:07 +0200] "GET /phpMyAdmin%204.8.3/themes/pmahomme/img/b_bookmark.png HTTP/1.1" 200 637
::1 - - [30/Sep/2018:22:32:07 +0200] "GET /phpMyAdmin%204.8.3/themes/pmahomme/img/b_chart.png HTTP/1.1" 200 449
::1 - - [30/Sep/2018:22:32:07 +0200] "GET /phpMyAdmin%204.8.3/themes/pmahomme/img/b_edit.png HTTP/1.1" 200 377
::1 - - [30/Sep/2018:22:32:07 +0200] "GET /phpMyAdmin%204.8.3/themes/pmahomme/img/b_tblexport.png HTTP/1.1" 200 514
::1 - - [30/Sep/2018:22:32:07 +0200] "GET /phpMyAdmin%204.8.3/themes/pmahomme/img/b_view_add.png HTTP/1.1" 200 678
::1 - - [30/Sep/2018:22:32:07 +0200] "GET /phpMyAdmin%204.8.3/themes/pmahomme/img/s_success.png HTTP/1.1" 200 465
::1 - - [30/Sep/2018:22:32:07 +0200] "GET /phpMyAdmin%204.8.3/js/vendor/jquery/jquery.uitablefilter.js?v=4.8.3 HTTP/1.1" 200 3479
::1 - - [30/Sep/2018:22:32:07 +0200] "GET /phpMyAdmin%204.8.3/js/gis_data_editor.js?v=4.8.3 HTTP/1.1" 200 14721
::1 - - [30/Sep/2018:22:32:07 +0200] "GET /phpMyAdmin%204.8.3/js/multi_column_sort.js?v=4.8.3 HTTP/1.1" 200 3284
::1 - - [30/Sep/2018:22:32:07 +0200] "GET /phpMyAdmin%204.8.3/js/makegrid.js?v=4.8.3 HTTP/1.1" 200 97665
::1 - - [30/Sep/2018:22:32:07 +0200] "GET /phpMyAdmin%204.8.3/js/sql.js?v=4.8.3 HTTP/1.1" 200 38305
::1 - - [30/Sep/2018:22:32:07 +0200] "GET /phpMyAdmin%204.8.3/themes/pmahomme/img/s_fulltext.png HTTP/1.1" 200 176
::1 - - [30/Sep/2018:22:32:07 +0200] "GET /phpMyAdmin%204.8.3/themes/pmahomme/img/col_pointer.png HTTP/1.1" 200 102
::1 - - [30/Sep/2018:22:32:07 +0200] "GET /phpMyAdmin%204.8.3/themes/pmahomme/img/col_drop.png HTTP/1.1" 200 111
::1 - root [30/Sep/2018:22:32:07 +0200] "GET /phpMyAdmin%204.8.3/index.php?ajax_request=1&recent_table=1&lang=fr&no_debug=true&_nocache=1538339527845321412&token=%2Fm_T%7B7py37%234J%5DUw HTTP/1.1" 200 1545
::1 - root [30/Sep/2018:22:32:11 +0200] "GET /phpMyAdmin%204.8.3/sql.php?server=1&db=ticbac2014&table=patients&pos=0&ajax_request=true&ajax_page_request=true&_nocache=1538339531217257015&token=%2Fm_T%7B7py37%234J%5DUw HTTP/1.1" 200 8028
::1 - root [30/Sep/2018:22:32:11 +0200] "GET /phpMyAdmin%204.8.3/index.php?ajax_request=1&recent_table=1&lang=fr&no_debug=true&_nocache=1538339531874889273&token=3%3A2Ud%220rw2gJEw(0 HTTP/1.1" 200 1558
::1 - root [30/Sep/2018:22:32:20 +0200] "GET /phpMyAdmin%204.8.3/navigation.php?ajax_request=1&lang=fr&aPath=cm9vdA%3D%3D.cGhwbXlhZG1pbg%3D%3D&vPath=cm9vdA%3D%3D.cGhwbXlhZG1pbg%3D%3D&pos=0&pos2_name=&pos2_value=&searchClause=&searchClause2=&_nocache=1538339539864763894&token=3%3A2Ud%220rw2gJEw(0 HTTP/1.1" 200 2772
::1 - root [30/Sep/2018:22:32:21 +0200] "GET /phpMyAdmin%204.8.3/index.php?lang=fr&ajax_request=true&ajax_page_request=true&_nocache=1538339541907104945&token=3%3A2Ud%220rw2gJEw(0 HTTP/1.1" 200 8067
::1 - root [30/Sep/2018:22:32:22 +0200] "POST /phpMyAdmin%204.8.3/navigation.php?ajax_request=1&lang=fr HTTP/1.1" 200 151
::1 - root [30/Sep/2018:22:32:22 +0200] "POST /phpMyAdmin%204.8.3/version_check.php HTTP/1.1" 200 28
::1 - root [30/Sep/2018:22:32:22 +0200] "POST /phpMyAdmin%204.8.3/db_structure.php?ajax_request=1&favorite_table=1&sync_favorite_tables=1&lang=fr HTTP/1.1" 200 151
::1 - root [30/Sep/2018:22:32:31 +0200] "POST /phpMyAdmin%204.8.3/index.php HTTP/1.1" 200 14825
::1 - root [30/Sep/2018:22:32:31 +0200] "GET /phpMyAdmin%204.8.3/phpmyadmin.css.php?nocache=6146569352ltr&server=1 HTTP/1.1" 200 20700
::1 - root [30/Sep/2018:22:32:32 +0200] "POST /phpMyAdmin%204.8.3/ajax.php HTTP/1.1" 200 140
::1 - root [30/Sep/2018:22:32:32 +0200] "POST /phpMyAdmin%204.8.3/ajax.php HTTP/1.1" 200 140
::1 - root [30/Sep/2018:22:32:32 +0200] "POST /phpMyAdmin%204.8.3/ajax.php HTTP/1.1" 200 140
::1 - root [30/Sep/2018:22:32:32 +0200] "POST /phpMyAdmin%204.8.3/version_check.php HTTP/1.1" 200 28
::1 - root [30/Sep/2018:22:32:32 +0200] "POST /phpMyAdmin%204.8.3/db_structure.php?ajax_request=1&favorite_table=1&sync_favorite_tables=1&lang=fr HTTP/1.1" 200 151
::1 - root [30/Sep/2018:22:32:38 +0200] "GET /phpMyAdmin%204.8.3/index.php?lang=fr&ajax_request=true&ajax_page_request=true&_nocache=1538339558656937418&token=%3CeFa%3Bgqf43%22sH)%5B%24 HTTP/1.1" 200 8058
::1 - root [30/Sep/2018:22:32:38 +0200] "POST /phpMyAdmin%204.8.3/navigation.php?ajax_request=1&lang=fr HTTP/1.1" 200 151
::1 - root [30/Sep/2018:22:32:38 +0200] "POST /phpMyAdmin%204.8.3/db_structure.php?ajax_request=1&favorite_table=1&sync_favorite_tables=1&lang=fr HTTP/1.1" 200 151
::1 - root [30/Sep/2018:22:32:38 +0200] "POST /phpMyAdmin%204.8.3/version_check.php HTTP/1.1" 200 28
::1 - root [30/Sep/2018:22:36:15 +0200] "GET /phpMyAdmin%204.8.3/db_structure.php?server=1&db=ticbac2014&ajax_request=true&ajax_page_request=true&_nocache=1538339775523401203&token=Kjm%5BeKJOWMP9g!p%7C HTTP/1.1" 200 5331
::1 - root [30/Sep/2018:22:36:16 +0200] "POST /phpMyAdmin%204.8.3/navigation.php?ajax_request=1&lang=fr HTTP/1.1" 200 151
::1 - root [30/Sep/2018:22:36:16 +0200] "GET /phpMyAdmin%204.8.3/navigation.php?ajax_request=1&lang=fr&aPath=cm9vdA%3D%3D.dGljYmFjMjAxNA%3D%3D&vPath=cm9vdA%3D%3D.dGljYmFjMjAxNA%3D%3D&pos=0&pos2_name=&pos2_value=&searchClause=&searchClause2=&_nocache=1538339776461742308&token=JIj.l%5Bh6%40%3A0HOaC%5C HTTP/1.1" 200 1978
127.0.0.1 - - [30/Sep/2018:22:43:22 +0200] "GET /phpmyadmin/ HTTP/1.1" 404 209
127.0.0.1 - - [30/Sep/2018:22:43:23 +0200] "GET /favicon.ico HTTP/1.1" 404 209
127.0.0.1 - - [30/Sep/2018:22:43:35 +0200] "GET /phpMyAdmin%204.8.3/db_structure.php?server=1&db=ticbac2014 HTTP/1.1" 401 1715
127.0.0.1 - root [30/Sep/2018:22:43:52 +0200] "GET /phpMyAdmin%204.8.3/db_structure.php?server=1&db=ticbac2014 HTTP/1.1" 200 11493
127.0.0.1 - - [30/Sep/2018:22:43:53 +0200] "GET /phpMyAdmin%204.8.3/themes/pmahomme/jquery/jquery-ui.css HTTP/1.1" 200 36566
127.0.0.1 - - [30/Sep/2018:22:43:53 +0200] "GET /phpMyAdmin%204.8.3/js/vendor/codemirror/lib/codemirror.css?v=4.8.3 HTTP/1.1" 200 8542
127.0.0.1 - - [30/Sep/2018:22:43:53 +0200] "GET /phpMyAdmin%204.8.3/js/vendor/codemirror/addon/hint/show-hint.css?v=4.8.3 HTTP/1.1" 200 623
127.0.0.1 - - [30/Sep/2018:22:43:53 +0200] "GET /phpMyAdmin%204.8.3/js/vendor/codemirror/addon/lint/lint.css?v=4.8.3 HTTP/1.1" 200 2999
127.0.0.1 - - [30/Sep/2018:22:43:53 +0200] "GET /phpMyAdmin%204.8.3/js/vendor/jquery/jquery.min.js?v=4.8.3 HTTP/1.1" 200 86927
127.0.0.1 - - [30/Sep/2018:22:43:53 +0200] "GET /phpMyAdmin%204.8.3/js/vendor/sprintf.js?v=4.8.3 HTTP/1.1" 200 7387
127.0.0.1 - - [30/Sep/2018:22:43:53 +0200] "GET /phpMyAdmin%204.8.3/js/vendor/jquery/jquery-migrate.js?v=4.8.3 HTTP/1.1" 200 17813
127.0.0.1 - - [30/Sep/2018:22:43:53 +0200] "GET /phpMyAdmin%204.8.3/js/ajax.js?v=4.8.3 HTTP/1.1" 200 31246
127.0.0.1 - - [30/Sep/2018:22:43:53 +0200] "GET /phpMyAdmin%204.8.3/js/vendor/js.cookie.js?v=4.8.3 HTTP/1.1" 200 3886
127.0.0.1 - - [30/Sep/2018:22:43:53 +0200] "GET /phpMyAdmin%204.8.3/js/keyhandler.js?v=4.8.3 HTTP/1.1" 200 3333
127.0.0.1 - - [30/Sep/2018:22:43:53 +0200] "GET /phpMyAdmin%204.8.3/js/vendor/jquery/jquery-ui.min.js?v=4.8.3 HTTP/1.1" 200 253681
127.0.0.1 - - [30/Sep/2018:22:43:53 +0200] "GET /phpMyAdmin%204.8.3/js/vendor/jquery/jquery.mousewheel.js?v=4.8.3 HTTP/1.1" 200 8267
127.0.0.1 - - [30/Sep/2018:22:43:53 +0200] "GET /phpMyAdmin%204.8.3/js/vendor/jquery/jquery.event.drag-2.2.js?v=4.8.3 HTTP/1.1" 200 12826
127.0.0.1 - - [30/Sep/2018:22:43:53 +0200] "GET /phpMyAdmin%204.8.3/js/vendor/jquery/jquery.validate.js?v=4.8.3 HTTP/1.1" 200 48696
127.0.0.1 - - [30/Sep/2018:22:43:53 +0200] "GET /phpMyAdmin%204.8.3/js/vendor/jquery/jquery-ui-timepicker-addon.js?v=4.8.3 HTTP/1.1" 200 78475
127.0.0.1 - - [30/Sep/2018:22:43:53 +0200] "GET /phpMyAdmin%204.8.3/js/vendor/jquery/jquery.ba-hashchange-1.3.js?v=4.8.3 HTTP/1.1" 200 16522
127.0.0.1 - - [30/Sep/2018:22:43:53 +0200] "GET /phpMyAdmin%204.8.3/js/menu-resizer.js?v=4.8.3 HTTP/1.1" 200 8318
127.0.0.1 - - [30/Sep/2018:22:43:53 +0200] "GET /phpMyAdmin%204.8.3/js/vendor/jquery/jquery.debounce-1.0.5.js?v=4.8.3 HTTP/1.1" 200 1169
127.0.0.1 - - [30/Sep/2018:22:43:53 +0200] "GET /phpMyAdmin%204.8.3/js/cross_framing_protection.js?v=4.8.3 HTTP/1.1" 200 471
127.0.0.1 - - [30/Sep/2018:22:43:53 +0200] "GET /phpMyAdmin%204.8.3/js/rte.js?v=4.8.3 HTTP/1.1" 200 47678
127.0.0.1 - - [30/Sep/2018:22:43:53 +0200] "GET /phpMyAdmin%204.8.3/js/vendor/tracekit.js?v=4.8.3 HTTP/1.1" 200 45389
127.0.0.1 - - [30/Sep/2018:22:43:53 +0200] "GET /phpMyAdmin%204.8.3/js/error_report.js?v=4.8.3 HTTP/1.1" 200 10112
127.0.0.1 - - [30/Sep/2018:22:43:53 +0200] "GET /phpMyAdmin%204.8.3/js/config.js?v=4.8.3 HTTP/1.1" 200 26929
127.0.0.1 - - [30/Sep/2018:22:43:53 +0200] "GET /phpMyAdmin%204.8.3/js/doclinks.js?v=4.8.3 HTTP/1.1" 200 20643
127.0.0.1 - - [30/Sep/2018:22:43:53 +0200] "GET /phpMyAdmin%204.8.3/js/functions.js?v=4.8.3 HTTP/1.1" 200 173488
127.0.0.1 - - [30/Sep/2018:22:43:53 +0200] "GET /phpMyAdmin%204.8.3/js/common.js?v=4.8.3 HTTP/1.1" 200 19168
127.0.0.1 - - [30/Sep/2018:22:43:53 +0200] "GET /phpMyAdmin%204.8.3/js/indexes.js?v=4.8.3 HTTP/1.1" 200 27371
127.0.0.1 - root [30/Sep/2018:22:43:53 +0200] "GET /phpMyAdmin%204.8.3/js/whitelist.php?v=4.8.3&lang=fr HTTP/1.1" 200 57
127.0.0.1 - - [30/Sep/2018:22:43:53 +0200] "GET /phpMyAdmin%204.8.3/js/navigation.js?v=4.8.3 HTTP/1.1" 200 59816
127.0.0.1 - - [30/Sep/2018:22:43:53 +0200] "GET /phpMyAdmin%204.8.3/js/page_settings.js?v=4.8.3 HTTP/1.1" 200 1749
127.0.0.1 - - [30/Sep/2018:22:43:53 +0200] "GET /phpMyAdmin%204.8.3/js/shortcuts_handler.js?v=4.8.3 HTTP/1.1" 200 3264
127.0.0.1 - - [30/Sep/2018:22:43:53 +0200] "GET /phpMyAdmin%204.8.3/js/db_structure.js?v=4.8.3 HTTP/1.1" 200 15803
127.0.0.1 - - [30/Sep/2018:22:43:53 +0200] "GET /phpMyAdmin%204.8.3/js/tbl_change.js?v=4.8.3 HTTP/1.1" 200 29050
127.0.0.1 - - [30/Sep/2018:22:43:53 +0200] "GET /phpMyAdmin%204.8.3/js/vendor/codemirror/mode/sql/sql.js?v=4.8.3 HTTP/1.1" 200 45323
127.0.0.1 - - [30/Sep/2018:22:43:53 +0200] "GET /phpMyAdmin%204.8.3/js/vendor/codemirror/addon/runmode/runmode.js?v=4.8.3 HTTP/1.1" 200 2499
127.0.0.1 - - [30/Sep/2018:22:43:53 +0200] "GET /phpMyAdmin%204.8.3/js/vendor/codemirror/addon/hint/show-hint.js?v=4.8.3 HTTP/1.1" 200 15909
127.0.0.1 - - [30/Sep/2018:22:43:53 +0200] "GET /phpMyAdmin%204.8.3/js/vendor/codemirror/lib/codemirror.js?v=4.8.3 HTTP/1.1" 200 373234
127.0.0.1 - - [30/Sep/2018:22:43:53 +0200] "GET /phpMyAdmin%204.8.3/js/vendor/codemirror/addon/hint/sql-hint.js?v=4.8.3 HTTP/1.1" 200 9148
127.0.0.1 - - [30/Sep/2018:22:43:53 +0200] "GET /phpMyAdmin%204.8.3/js/vendor/codemirror/addon/lint/lint.js?v=4.8.3 HTTP/1.1" 200 8609
127.0.0.1 - - [30/Sep/2018:22:43:53 +0200] "GET /phpMyAdmin%204.8.3/js/codemirror/addon/lint/sql-lint.js?v=4.8.3 HTTP/1.1" 200 1048
127.0.0.1 - - [30/Sep/2018:22:43:53 +0200] "GET /phpMyAdmin%204.8.3/js/console.js?v=4.8.3 HTTP/1.1" 200 57278
127.0.0.1 - - [30/Sep/2018:22:43:53 +0200] "GET /phpMyAdmin%204.8.3/themes/pmahomme/img/logo_left.png HTTP/1.1" 200 2713
127.0.0.1 - - [30/Sep/2018:22:43:53 +0200] "GET /phpMyAdmin%204.8.3/themes/dot.gif HTTP/1.1" 200 43
127.0.0.1 - root [30/Sep/2018:22:43:53 +0200] "GET /phpMyAdmin%204.8.3/js/messages.php?l=fr&v=4.8.3&lang=fr HTTP/1.1" 200 10015
127.0.0.1 - root [30/Sep/2018:22:43:53 +0200] "GET /phpMyAdmin%204.8.3/phpmyadmin.css.php?nocache=6146570033ltr&server=1 HTTP/1.1" 200 20700
127.0.0.1 - - [30/Sep/2018:22:43:53 +0200] "GET /phpMyAdmin%204.8.3/themes/pmahomme/img/arrow_ltr.png HTTP/1.1" 200 101
127.0.0.1 - - [30/Sep/2018:22:43:53 +0200] "GET /phpMyAdmin%204.8.3/themes/pmahomme/css/printview.css?v=4.8.3 HTTP/1.1" 200 2746
127.0.0.1 - - [30/Sep/2018:22:43:54 +0200] "GET /phpMyAdmin%204.8.3/themes/pmahomme/img/left_nav_bg.png HTTP/1.1" 200 146
127.0.0.1 - - [30/Sep/2018:22:43:54 +0200] "GET /phpMyAdmin%204.8.3/themes/pmahomme/img/s_db.png HTTP/1.1" 200 328
127.0.0.1 - - [30/Sep/2018:22:43:54 +0200] "GET /phpMyAdmin%204.8.3/themes/pmahomme/img/b_plus.png HTTP/1.1" 200 143
127.0.0.1 - - [30/Sep/2018:22:43:54 +0200] "GET /phpMyAdmin%204.8.3/themes/pmahomme/img/b_newdb.png HTTP/1.1" 200 585
127.0.0.1 - - [30/Sep/2018:22:43:54 +0200] "GET /phpMyAdmin%204.8.3/themes/pmahomme/img/s_link.png HTTP/1.1" 200 280
127.0.0.1 - - [30/Sep/2018:22:43:54 +0200] "GET /phpMyAdmin%204.8.3/themes/pmahomme/img/ajax_clock_small.gif HTTP/1.1" 200 1810
127.0.0.1 - - [30/Sep/2018:22:43:54 +0200] "GET /phpMyAdmin%204.8.3/themes/pmahomme/img/s_reload.png HTTP/1.1" 200 527
127.0.0.1 - - [30/Sep/2018:22:43:54 +0200] "GET /phpMyAdmin%204.8.3/themes/pmahomme/img/s_cog.png HTTP/1.1" 200 442
127.0.0.1 - - [30/Sep/2018:22:43:54 +0200] "GET /phpMyAdmin%204.8.3/themes/pmahomme/img/b_sqlhelp.png HTTP/1.1" 200 512
127.0.0.1 - - [30/Sep/2018:22:43:54 +0200] "GET /phpMyAdmin%204.8.3/themes/pmahomme/img/b_docs.png HTTP/1.1" 200 705
127.0.0.1 - - [30/Sep/2018:22:43:54 +0200] "GET /phpMyAdmin%204.8.3/themes/pmahomme/img/s_loggoff.png HTTP/1.1" 200 626
127.0.0.1 - - [30/Sep/2018:22:43:54 +0200] "GET /phpMyAdmin%204.8.3/themes/pmahomme/img/b_home.png HTTP/1.1" 200 734
127.0.0.1 - - [30/Sep/2018:22:43:54 +0200] "GET /phpMyAdmin%204.8.3/themes/pmahomme/img/console.png HTTP/1.1" 200 292
127.0.0.1 - - [30/Sep/2018:22:43:54 +0200] "GET /phpMyAdmin%204.8.3/themes/pmahomme/img/s_top.png HTTP/1.1" 200 220
127.0.0.1 - - [30/Sep/2018:22:43:54 +0200] "GET /phpMyAdmin%204.8.3/themes/pmahomme/img/centralColumns.png HTTP/1.1" 200 586
127.0.0.1 - - [30/Sep/2018:22:43:54 +0200] "GET /phpMyAdmin%204.8.3/themes/pmahomme/img/b_relations.png HTTP/1.1" 200 140
127.0.0.1 - - [30/Sep/2018:22:43:54 +0200] "GET /phpMyAdmin%204.8.3/themes/pmahomme/img/eye.png HTTP/1.1" 200 663
127.0.0.1 - - [30/Sep/2018:22:43:54 +0200] "GET /phpMyAdmin%204.8.3/themes/pmahomme/img/b_triggers.png HTTP/1.1" 200 446
127.0.0.1 - - [30/Sep/2018:22:43:54 +0200] "GET /phpMyAdmin%204.8.3/themes/pmahomme/img/b_events.png HTTP/1.1" 200 703
127.0.0.1 - - [30/Sep/2018:22:43:54 +0200] "GET /phpMyAdmin%204.8.3/themes/pmahomme/img/b_routines.png HTTP/1.1" 200 306
127.0.0.1 - - [30/Sep/2018:22:43:54 +0200] "GET /phpMyAdmin%204.8.3/themes/pmahomme/img/s_rights.png HTTP/1.1" 200 461
127.0.0.1 - - [30/Sep/2018:22:43:54 +0200] "GET /phpMyAdmin%204.8.3/themes/pmahomme/img/b_tblops.png HTTP/1.1" 200 537
127.0.0.1 - - [30/Sep/2018:22:43:54 +0200] "GET /phpMyAdmin%204.8.3/themes/pmahomme/img/b_import.png HTTP/1.1" 200 556
127.0.0.1 - - [30/Sep/2018:22:43:54 +0200] "GET /phpMyAdmin%204.8.3/themes/pmahomme/img/b_export.png HTTP/1.1" 200 514
127.0.0.1 - - [30/Sep/2018:22:43:54 +0200] "GET /phpMyAdmin%204.8.3/themes/pmahomme/img/b_search.png HTTP/1.1" 200 538
127.0.0.1 - - [30/Sep/2018:22:43:54 +0200] "GET /phpMyAdmin%204.8.3/themes/pmahomme/img/b_sql.png HTTP/1.1" 200 680
127.0.0.1 - - [30/Sep/2018:22:43:54 +0200] "GET /phpMyAdmin%204.8.3/themes/pmahomme/img/b_props.png HTTP/1.1" 200 573
127.0.0.1 - - [30/Sep/2018:22:43:54 +0200] "GET /phpMyAdmin%204.8.3/themes/pmahomme/img/s_host.png HTTP/1.1" 200 591
127.0.0.1 - - [30/Sep/2018:22:43:54 +0200] "GET /phpMyAdmin%204.8.3/themes/pmahomme/img/window-new.png HTTP/1.1" 200 468
127.0.0.1 - - [30/Sep/2018:22:43:54 +0200] "GET /phpMyAdmin%204.8.3/themes/pmahomme/img/b_table_add.png HTTP/1.1" 200 571
127.0.0.1 - - [30/Sep/2018:22:43:54 +0200] "GET /phpMyAdmin%204.8.3/themes/pmahomme/img/b_tblanalyse.png HTTP/1.1" 200 152
127.0.0.1 - - [30/Sep/2018:22:43:54 +0200] "GET /phpMyAdmin%204.8.3/themes/pmahomme/img/b_print.png HTTP/1.1" 200 639
127.0.0.1 - - [30/Sep/2018:22:43:54 +0200] "GET /phpMyAdmin%204.8.3/themes/pmahomme/img/b_drop.png HTTP/1.1" 200 637
127.0.0.1 - - [30/Sep/2018:22:43:54 +0200] "GET /phpMyAdmin%204.8.3/themes/pmahomme/img/b_empty.png HTTP/1.1" 200 521
127.0.0.1 - - [30/Sep/2018:22:43:54 +0200] "GET /phpMyAdmin%204.8.3/themes/pmahomme/img/b_insrow.png HTTP/1.1" 200 157
127.0.0.1 - - [30/Sep/2018:22:43:54 +0200] "GET /phpMyAdmin%204.8.3/themes/pmahomme/img/b_select.png HTTP/1.1" 200 593
127.0.0.1 - - [30/Sep/2018:22:43:54 +0200] "GET /phpMyAdmin%204.8.3/themes/pmahomme/img/b_browse.png HTTP/1.1" 200 486
127.0.0.1 - - [30/Sep/2018:22:43:54 +0200] "GET /phpMyAdmin%204.8.3/themes/pmahomme/img/b_no_favorite.png HTTP/1.1" 200 377
127.0.0.1 - - [30/Sep/2018:22:43:54 +0200] "GET /phpMyAdmin%204.8.3/themes/pmahomme/img/b_help.png HTTP/1.1" 200 705
127.0.0.1 - - [30/Sep/2018:22:43:54 +0200] "GET /phpMyAdmin%204.8.3/themes/pmahomme/img/s_desc.png HTTP/1.1" 200 146
127.0.0.1 - - [30/Sep/2018:22:43:54 +0200] "GET /phpMyAdmin%204.8.3/themes/pmahomme/img/s_asc.png HTTP/1.1" 200 146
127.0.0.1 - root [30/Sep/2018:22:43:54 +0200] "POST /phpMyAdmin%204.8.3/ajax.php HTTP/1.1" 200 140
127.0.0.1 - - [30/Sep/2018:22:43:55 +0200] "GET /phpMyAdmin%204.8.3/themes/pmahomme/img/b_more.png HTTP/1.1" 200 111
127.0.0.1 - root [30/Sep/2018:22:43:55 +0200] "POST /phpMyAdmin%204.8.3/navigation.php?ajax_request=1&lang=fr HTTP/1.1" 200 151
127.0.0.1 - root [30/Sep/2018:22:43:55 +0200] "POST /phpMyAdmin%204.8.3/ajax.php HTTP/1.1" 200 140
127.0.0.1 - - [30/Sep/2018:22:43:55 +0200] "GET /phpMyAdmin%204.8.3/themes/pmahomme/img/s_error.png HTTP/1.1" 200 614
127.0.0.1 - - [30/Sep/2018:22:43:55 +0200] "GET /phpMyAdmin%204.8.3/favicon.ico HTTP/1.1" 200 22486
127.0.0.1 - root [30/Sep/2018:22:43:55 +0200] "GET /phpMyAdmin%204.8.3/error_report.php?ajax_request=true&server=1&get_settings=true&exception_type=js&_nocache=15383402356615440&token=B*Lp%27E)B%25%23%7BRX%60%7Bo HTTP/1.1" 200 1498
127.0.0.1 - - [30/Sep/2018:22:43:56 +0200] "GET /phpMyAdmin%204.8.3/themes/pmahomme/img/b_close.png HTTP/1.1" 200 153
127.0.0.1 - root [30/Sep/2018:22:44:04 +0200] "GET /phpMyAdmin%204.8.3/index.php?lang=fr&ajax_request=true&ajax_page_request=true&_nocache=1538340243992412627&token=B*Lp%27E)B%25%23%7BRX%60%7Bo HTTP/1.1" 200 8066
127.0.0.1 - - [30/Sep/2018:22:44:04 +0200] "GET /phpMyAdmin%204.8.3/themes/pmahomme/img/b_plugin.png HTTP/1.1" 200 512
127.0.0.1 - - [30/Sep/2018:22:44:04 +0200] "GET /phpMyAdmin%204.8.3/themes/pmahomme/img/s_vars.png HTTP/1.1" 200 523
127.0.0.1 - - [30/Sep/2018:22:44:04 +0200] "GET /phpMyAdmin%204.8.3/themes/pmahomme/img/b_engine.png HTTP/1.1" 200 398
127.0.0.1 - - [30/Sep/2018:22:44:04 +0200] "GET /phpMyAdmin%204.8.3/themes/pmahomme/img/s_asci.png HTTP/1.1" 200 148
127.0.0.1 - - [30/Sep/2018:22:44:04 +0200] "GET /phpMyAdmin%204.8.3/themes/pmahomme/img/s_tbl.png HTTP/1.1" 200 645
127.0.0.1 - - [30/Sep/2018:22:44:04 +0200] "GET /phpMyAdmin%204.8.3/themes/pmahomme/img/s_replication.png HTTP/1.1" 200 399
127.0.0.1 - - [30/Sep/2018:22:44:04 +0200] "GET /phpMyAdmin%204.8.3/themes/pmahomme/img/s_status.png HTTP/1.1" 200 600
127.0.0.1 - - [30/Sep/2018:22:44:04 +0200] "GET /phpMyAdmin%204.8.3/themes/pmahomme/img/s_theme.png HTTP/1.1" 200 772
127.0.0.1 - - [30/Sep/2018:22:44:04 +0200] "GET /phpMyAdmin%204.8.3/themes/pmahomme/img/s_lang.png HTTP/1.1" 200 659
127.0.0.1 - - [30/Sep/2018:22:44:04 +0200] "GET /phpMyAdmin%204.8.3/themes/pmahomme/img/s_passwd.png HTTP/1.1" 200 331
127.0.0.1 - root [30/Sep/2018:22:44:04 +0200] "POST /phpMyAdmin%204.8.3/navigation.php?ajax_request=1&lang=fr HTTP/1.1" 200 151
127.0.0.1 - root [30/Sep/2018:22:44:04 +0200] "POST /phpMyAdmin%204.8.3/db_structure.php?ajax_request=1&favorite_table=1&sync_favorite_tables=1&lang=fr HTTP/1.1" 200 151
127.0.0.1 - root [30/Sep/2018:22:44:04 +0200] "POST /phpMyAdmin%204.8.3/version_check.php HTTP/1.1" 200 28
127.0.0.1 - root [30/Sep/2018:22:44:09 +0200] "GET /phpMyAdmin%204.8.3/db_structure.php?server=1&db=ticbac2014&ajax_request=true&ajax_page_request=true&_nocache=1538340249923822758&token=rd%2BR%24e%2F%25zJ%5EWjn(%26 HTTP/1.1" 200 5348
127.0.0.1 - root [30/Sep/2018:22:44:10 +0200] "POST /phpMyAdmin%204.8.3/navigation.php?ajax_request=1&lang=fr HTTP/1.1" 200 151
127.0.0.1 - root [30/Sep/2018:22:44:10 +0200] "GET /phpMyAdmin%204.8.3/navigation.php?ajax_request=1&lang=fr&aPath=cm9vdA%3D%3D.dGljYmFjMjAxNA%3D%3D&vPath=cm9vdA%3D%3D.dGljYmFjMjAxNA%3D%3D&pos=0&pos2_name=&pos2_value=&searchClause=&searchClause2=&_nocache=1538340250656645600&token=b%24%3FC3%3D%26%3B!%22-P~_%23g HTTP/1.1" 200 1983
127.0.0.1 - - [30/Sep/2018:22:44:11 +0200] "GET /phpMyAdmin%204.8.3/themes/pmahomme/img/b_minus.png HTTP/1.1" 200 123
127.0.0.1 - - [30/Sep/2018:22:44:26 +0200] "GET /phpMyAdmin%204.8.3/themes/pmahomme/img/s_lock.png HTTP/1.1" 200 667
127.0.0.1 - root [30/Sep/2018:22:44:27 +0200] "POST /phpMyAdmin%204.8.3/tbl_create.php HTTP/1.1" 200 151
127.0.0.1 - root [30/Sep/2018:22:44:29 +0200] "POST /phpMyAdmin%204.8.3/tbl_create.php HTTP/1.1" 200 151
127.0.0.1 - root [30/Sep/2018:22:44:30 +0200] "POST /phpMyAdmin%204.8.3/tbl_create.php HTTP/1.1" 200 151
127.0.0.1 - root [30/Sep/2018:22:44:32 +0200] "POST /phpMyAdmin%204.8.3/tbl_create.php HTTP/1.1" 200 151
127.0.0.1 - root [30/Sep/2018:22:44:33 +0200] "POST /phpMyAdmin%204.8.3/tbl_create.php HTTP/1.1" 200 151
127.0.0.1 - root [30/Sep/2018:22:44:33 +0200] "POST /phpMyAdmin%204.8.3/tbl_create.php HTTP/1.1" 200 151
127.0.0.1 - root [30/Sep/2018:22:44:34 +0200] "POST /phpMyAdmin%204.8.3/tbl_create.php HTTP/1.1" 200 151
127.0.0.1 - root [30/Sep/2018:22:44:40 +0200] "GET /phpMyAdmin%204.8.3/index.php?lang=fr&ajax_request=true&ajax_page_request=true&_nocache=1538340280256499874&token=b%24%3FC3%3D%26%3B!%22-P~_%23g HTTP/1.1" 200 8068
127.0.0.1 - root [30/Sep/2018:22:44:40 +0200] "POST /phpMyAdmin%204.8.3/navigation.php?ajax_request=1&lang=fr HTTP/1.1" 200 151
127.0.0.1 - root [30/Sep/2018:22:44:40 +0200] "POST /phpMyAdmin%204.8.3/db_structure.php?ajax_request=1&favorite_table=1&sync_favorite_tables=1&lang=fr HTTP/1.1" 200 151
127.0.0.1 - root [30/Sep/2018:22:44:40 +0200] "POST /phpMyAdmin%204.8.3/version_check.php HTTP/1.1" 200 28
127.0.0.1 - root [30/Sep/2018:22:47:51 +0200] "GET /phpMyAdmin%204.8.3/server_databases.php?server=1&ajax_request=true&ajax_page_request=true&_nocache=1538340471104685260&token=D%5CV%5EjY%5CC%5B%5C96Usby HTTP/1.1" 200 7330
127.0.0.1 - - [30/Sep/2018:22:47:52 +0200] "GET /phpMyAdmin%204.8.3/themes/pmahomme/img/s_notice.png HTTP/1.1" 200 567
127.0.0.1 - - [30/Sep/2018:22:47:52 +0200] "GET /phpMyAdmin%204.8.3/themes/pmahomme/img/s_success.png HTTP/1.1" 200 465
127.0.0.1 - - [30/Sep/2018:22:47:52 +0200] "GET /phpMyAdmin%204.8.3/themes/pmahomme/img/b_deltbl.png HTTP/1.1" 200 577
127.0.0.1 - - [30/Sep/2018:22:47:53 +0200] "GET /phpMyAdmin%204.8.3/js/server_databases.js?v=4.8.3 HTTP/1.1" 200 5695
127.0.0.1 - root [30/Sep/2018:22:47:52 +0200] "POST /phpMyAdmin%204.8.3/navigation.php?ajax_request=1&lang=fr HTTP/1.1" 200 151
127.0.0.1 - root [30/Sep/2018:22:48:04 +0200] "POST /phpMyAdmin%204.8.3/server_databases.php HTTP/1.1" 200 151
::1 - - [30/Sep/2018:23:02:32 +0200] "GET / HTTP/1.1" 200 259
::1 - root [30/Sep/2018:23:02:35 +0200] "GET /phpMyAdmin%204.8.3/ HTTP/1.1" 200 14835
::1 - root [30/Sep/2018:23:02:36 +0200] "GET /phpMyAdmin%204.8.3/phpmyadmin.css.php?nocache=6146571156ltr&server=1 HTTP/1.1" 200 20700
::1 - root [30/Sep/2018:23:02:37 +0200] "POST /phpMyAdmin%204.8.3/ajax.php HTTP/1.1" 200 140
::1 - root [30/Sep/2018:23:02:37 +0200] "POST /phpMyAdmin%204.8.3/navigation.php?ajax_request=1&lang=fr HTTP/1.1" 200 151
::1 - root [30/Sep/2018:23:02:37 +0200] "POST /phpMyAdmin%204.8.3/ajax.php HTTP/1.1" 200 140
::1 - root [30/Sep/2018:23:02:38 +0200] "POST /phpMyAdmin%204.8.3/ajax.php HTTP/1.1" 200 140
::1 - root [30/Sep/2018:23:02:38 +0200] "POST /phpMyAdmin%204.8.3/version_check.php HTTP/1.1" 200 28
::1 - root [30/Sep/2018:23:02:38 +0200] "POST /phpMyAdmin%204.8.3/db_structure.php?ajax_request=1&favorite_table=1&sync_favorite_tables=1&lang=fr HTTP/1.1" 200 151
::1 - root [30/Sep/2018:23:02:39 +0200] "GET /phpMyAdmin%204.8.3/server_import.php?lang=fr&ajax_request=true&ajax_page_request=true&_nocache=1538341359885665075&token=I%3Djz%3CkrmV%22%25JAIu%22 HTTP/1.1" 200 6713
::1 - - [30/Sep/2018:23:02:41 +0200] "GET /phpMyAdmin%204.8.3/js/import.js?v=4.8.3 HTTP/1.1" 200 5640
::1 - root [30/Sep/2018:23:02:40 +0200] "POST /phpMyAdmin%204.8.3/navigation.php?ajax_request=1&lang=fr HTTP/1.1" 200 151
::1 - root [30/Sep/2018:23:04:07 +0200] "POST /phpMyAdmin%204.8.3/import.php HTTP/1.1" 500 8599
::1 - root [30/Sep/2018:23:04:08 +0200] "GET /phpMyAdmin%204.8.3/phpmyadmin.css.php?nocache=6146571249ltr&server=1 HTTP/1.1" 200 20700
::1 - root [30/Sep/2018:23:04:09 +0200] "POST /phpMyAdmin%204.8.3/ajax.php HTTP/1.1" 200 140
::1 - root [30/Sep/2018:23:04:09 +0200] "POST /phpMyAdmin%204.8.3/navigation.php?ajax_request=1&lang=fr HTTP/1.1" 200 151
::1 - root [30/Sep/2018:23:04:09 +0200] "POST /phpMyAdmin%204.8.3/ajax.php HTTP/1.1" 200 140
::1 - root [30/Sep/2018:23:04:10 +0200] "POST /phpMyAdmin%204.8.3/ajax.php HTTP/1.1" 200 140
::1 - root [30/Sep/2018:23:04:14 +0200] "GET /phpMyAdmin%204.8.3/server_databases.php?lang=fr&ajax_request=true&ajax_page_request=true&_nocache=1538341454380182819&token=GKBQbQ%40N!QuQ)YWx HTTP/1.1" 200 7303
::1 - - [30/Sep/2018:23:04:15 +0200] "GET /phpMyAdmin%204.8.3/themes/pmahomme/img/b_deltbl.png HTTP/1.1" 200 577
::1 - - [30/Sep/2018:23:04:15 +0200] "GET /phpMyAdmin%204.8.3/themes/pmahomme/img/s_success.png HTTP/1.1" 200 465
::1 - - [30/Sep/2018:23:04:15 +0200] "GET /phpMyAdmin%204.8.3/js/server_databases.js?v=4.8.3 HTTP/1.1" 200 5695
::1 - root [30/Sep/2018:23:04:14 +0200] "POST /phpMyAdmin%204.8.3/navigation.php?ajax_request=1&lang=fr HTTP/1.1" 200 151
::1 - root [30/Sep/2018:23:04:19 +0200] "POST /phpMyAdmin%204.8.3/navigation.php?ajax_request=1&lang=fr HTTP/1.1" 200 151
::1 - root [30/Sep/2018:23:04:20 +0200] "POST /phpMyAdmin%204.8.3/navigation.php?ajax_request=1&lang=fr HTTP/1.1" 200 151
::1 - - [30/Sep/2018:23:04:21 +0200] "GET /phpMyAdmin%204.8.3/themes/pmahomme/jquery/images/ui-icons_222222_256x240.png HTTP/1.1" 200 3765
::1 - - [30/Sep/2018:23:04:21 +0200] "GET /phpMyAdmin%204.8.3/themes/pmahomme/jquery/images/ui-bg_glass_75_e6e6e6_1x400.png HTTP/1.1" 200 121
::1 - - [30/Sep/2018:23:04:21 +0200] "GET /phpMyAdmin%204.8.3/themes/pmahomme/jquery/images/ui-bg_highlight-soft_75_cccccc_1x100.png HTTP/1.1" 200 122
::1 - - [30/Sep/2018:23:04:21 +0200] "GET /phpMyAdmin%204.8.3/themes/pmahomme/jquery/images/ui-icons_888888_256x240.png HTTP/1.1" 200 3765
::1 - - [30/Sep/2018:23:04:27 +0200] "GET /phpMyAdmin%204.8.3/themes/pmahomme/jquery/images/ui-bg_glass_75_dadada_1x400.png HTTP/1.1" 200 126
::1 - - [30/Sep/2018:23:04:27 +0200] "GET /phpMyAdmin%204.8.3/themes/pmahomme/jquery/images/ui-icons_454545_256x240.png HTTP/1.1" 200 3765
::1 - - [30/Sep/2018:23:04:28 +0200] "GET /phpMyAdmin%204.8.3/themes/pmahomme/jquery/images/ui-bg_glass_65_ffffff_1x400.png HTTP/1.1" 200 73
::1 - - [30/Sep/2018:23:07:51 +0200] "GET / HTTP/1.1" 200 259
::1 - root [30/Sep/2018:23:07:54 +0200] "GET /phpMyAdmin%204.8.3/ HTTP/1.1" 200 14800
::1 - root [30/Sep/2018:23:07:55 +0200] "GET /phpMyAdmin%204.8.3/phpmyadmin.css.php?nocache=6146571475ltr&server=1 HTTP/1.1" 200 20700
::1 - root [30/Sep/2018:23:07:56 +0200] "POST /phpMyAdmin%204.8.3/ajax.php HTTP/1.1" 200 140
::1 - root [30/Sep/2018:23:07:57 +0200] "POST /phpMyAdmin%204.8.3/navigation.php?ajax_request=1&lang=fr HTTP/1.1" 200 151
::1 - root [30/Sep/2018:23:07:57 +0200] "POST /phpMyAdmin%204.8.3/ajax.php HTTP/1.1" 200 140
::1 - root [30/Sep/2018:23:07:57 +0200] "POST /phpMyAdmin%204.8.3/ajax.php HTTP/1.1" 200 140
::1 - root [30/Sep/2018:23:07:57 +0200] "POST /phpMyAdmin%204.8.3/version_check.php HTTP/1.1" 200 28
::1 - root [30/Sep/2018:23:07:57 +0200] "POST /phpMyAdmin%204.8.3/db_structure.php?ajax_request=1&favorite_table=1&sync_favorite_tables=1&lang=fr HTTP/1.1" 200 151
::1 - - [30/Sep/2018:23:08:24 +0200] "GET /phpMyAdmin%204.8.3/themes/pmahomme/img/s_unlink.png HTTP/1.1" 200 589
::1 - root [30/Sep/2018:23:08:45 +0200] "GET /phpMyAdmin%204.8.3/server_databases.php?server=1&ajax_request=true&ajax_page_request=true&_nocache=1538341725605330473&token=Gd%7F%2F6ml%2C%3D29%5EHOG%2B HTTP/1.1" 200 7324
::1 - root [30/Sep/2018:23:08:46 +0200] "POST /phpMyAdmin%204.8.3/navigation.php?ajax_request=1&lang=fr HTTP/1.1" 200 151
::1 - root [30/Sep/2018:23:08:55 +0200] "POST /phpMyAdmin%204.8.3/server_databases.php HTTP/1.1" 200 151
::1 - root [30/Sep/2018:23:08:59 +0200] "GET /phpMyAdmin%204.8.3/navigation.php?ajax_request=1&lang=fr&aPath=cm9vdA%3D%3D.cGhwbXlhZG1pbg%3D%3D&vPath=cm9vdA%3D%3D.cGhwbXlhZG1pbg%3D%3D&pos=0&pos2_name=&pos2_value=&searchClause=&searchClause2=&_nocache=1538341739019166392&token=9BC1%22%7F%24A%2F%5B**TYFJ HTTP/1.1" 200 2768
::1 - root [30/Sep/2018:23:09:03 +0200] "GET /phpMyAdmin%204.8.3/navigation.php?ajax_request=1&lang=fr&aPath=cm9vdA%3D%3D.cGhwbXlhZG1pbg%3D%3D.dGFibGVz.cG1hX19ib29rbWFyaw%3D%3D&vPath=cm9vdA%3D%3D.cGhwbXlhZG1pbg%3D%3D.VGFibGVz.cG1hX19ib29rbWFyaw%3D%3D&pos=0&pos2_name=tables&pos2_value=0&searchClause=&searchClause2=&_nocache=1538341743776989341&token=9BC1%22%7F%24A%2F%5B**TYFJ HTTP/1.1" 200 2056
::1 - - [30/Sep/2018:23:09:04 +0200] "GET /phpMyAdmin%204.8.3/themes/pmahomme/img/b_index.png HTTP/1.1" 200 643
::1 - - [30/Sep/2018:23:09:04 +0200] "GET /phpMyAdmin%204.8.3/themes/pmahomme/img/pause.png HTTP/1.1" 200 255
::1 - root [30/Sep/2018:23:09:08 +0200] "GET /phpMyAdmin%204.8.3/db_structure.php?server=1&db=mysql&ajax_request=true&ajax_page_request=true&_nocache=1538341748699707367&token=9BC1%22%7F%24A%2F%5B**TYFJ HTTP/1.1" 200 11656
::1 - - [30/Sep/2018:23:09:11 +0200] "GET /phpMyAdmin%204.8.3/themes/pmahomme/img/bd_empty.png HTTP/1.1" 200 327
::1 - root [30/Sep/2018:23:09:10 +0200] "POST /phpMyAdmin%204.8.3/navigation.php?ajax_request=1&lang=fr HTTP/1.1" 200 151
::1 - - [30/Sep/2018:23:09:11 +0200] "GET /phpMyAdmin%204.8.3/themes/pmahomme/img/bd_select.png HTTP/1.1" 200 325
::1 - - [30/Sep/2018:23:09:11 +0200] "GET /phpMyAdmin%204.8.3/themes/pmahomme/img/bd_browse.png HTTP/1.1" 200 271
::1 - root [30/Sep/2018:23:09:11 +0200] "GET /phpMyAdmin%204.8.3/navigation.php?ajax_request=1&lang=fr&aPath=cm9vdA%3D%3D.bXlzcWw%3D&vPath=cm9vdA%3D%3D.bXlzcWw%3D&pos=0&pos2_name=&pos2_value=&searchClause=&searchClause2=&_nocache=1538341751008787786&token=%40%7CpTY%5Es%23Vz%27QsG%5C8 HTTP/1.1" 200 3533
